<?xml version="1.0" encoding="UTF-8"?>
<!-- Generated by org.testng.reporters.JUnitReportReporter -->
<testsuite hostname="GURUKIRAN" failures="0" tests="3" name="shopping.AdminModulesTest" time="21.287" errors="0" timestamp="16 Mar 2025 10:41:30 GMT" skipped="0">
  <testcase classname="shopping.AdminModulesTest" name="insertProductTest" time="9.199"/>
  <testcase classname="shopping.AdminModulesTest" name="createSubCategory" time="5.413"/>
  <testcase classname="shopping.AdminModulesTest" name="createCategoryTest" time="6.675"/>
</testsuite> <!-- shopping.AdminModulesTest -->
