<?xml version="1.0" encoding="UTF-8"?>
<!-- Generated by org.testng.reporters.JUnitReportReporter -->
<testsuite hostname="GURUKIRAN" failures="0" tests="1" name="shopping.AdminModules" time="0.725" errors="0" timestamp="15 Mar 2025 06:52:08 GMT" skipped="0">
  <testcase classname="shopping.AdminModules" name="dfk" time="0.725"/>
</testsuite> <!-- shopping.AdminModules -->
