<?xml version="1.0" encoding="UTF-8"?>
<!-- Generated by org.testng.reporters.JUnitReportReporter -->
<testsuite hostname="GURUKIRAN" failures="0" tests="1" name="Ecommerce.OnlineShopping.module.ShoppingTest" time="6.581" errors="0" timestamp="17 Mar 2025 07:21:18 GMT" skipped="0">
  <testcase classname="Ecommerce.OnlineShopping.module.ShoppingTest" name="trackOrderTest" time="6.581"/>
</testsuite> <!-- Ecommerce.OnlineShopping.module.ShoppingTest -->
